#
# There is insufficient memory for the Java Runtime Environment to continue.
# Native memory allocation (mmap) failed to map 301989888 bytes for G1 virtual space
# Possible reasons:
#   The system is out of physical RAM or swap space
#   The process is running with CompressedOops enabled, and the Java Heap may be blocking the growth of the native heap
# Possible solutions:
#   Reduce memory load on the system
#   Increase physical memory or swap space
#   Check if swap backing store is full
#   Decrease Java heap size (-Xmx/-Xms)
#   Decrease number of Java threads
#   Decrease Java thread stack sizes (-Xss)
#   Set larger code cache with -XX:ReservedCodeCacheSize=
#   JVM is running with Zero Based Compressed Oops mode in which the Java heap is
#     placed in the first 32GB address space. The Java Heap base address is the
#     maximum limit for the native heap growth. Please use -XX:HeapBaseMinAddress
#     to set the Java Heap base and to place the Java Heap above 32GB virtual address.
# This output file may be truncated or incomplete.
#
#  Out of Memory Error (os_windows.cpp:3530), pid=13224, tid=29420
#
# JRE version:  (18.0.1+10) (build )
# Java VM: OpenJDK 64-Bit Server VM (18.0.1+10, mixed mode, sharing, tiered, compressed oops, compressed class ptrs, g1 gc, windows-amd64)
# No core dump will be written. Minidumps are not enabled by default on client versions of Windows
#

---------------  S U M M A R Y ------------

Command Line: -Dfile.encoding=UTF-8 -XX:+ShowCodeDetailsInExceptionMessages DP.SynoFin

Host: AMD Ryzen 5 3500U with Radeon Vega Mobile Gfx  , 8 cores, 17G,  Windows 11 , 64 bit Build 22000 (10.0.22000.708)
Time: Sat Oct  8 12:36:02 2022 India Standard Time elapsed time: 0.049568 seconds (0d 0h 0m 0s)

---------------  T H R E A D  ---------------

Current thread (0x000002123e2a6090):  JavaThread "Unknown thread" [_thread_in_vm, id=29420, stack(0x000000bd82400000,0x000000bd82500000)]

Stack: [0x000000bd82400000,0x000000bd82500000]
Native frames: (J=compiled Java code, j=interpreted, Vv=VM code, C=native code)
V  [jvm.dll+0x69cd4a]
V  [jvm.dll+0x84b63d]
V  [jvm.dll+0x84cf4e]
V  [jvm.dll+0x84d603]
V  [jvm.dll+0x25f19f]
V  [jvm.dll+0x699bb9]
V  [jvm.dll+0x68e6ea]
V  [jvm.dll+0x324e1b]
V  [jvm.dll+0x32c826]
V  [jvm.dll+0x38127e]
V  [jvm.dll+0x3814af]
V  [jvm.dll+0x2fcaba]
V  [jvm.dll+0x2fdb1d]
V  [jvm.dll+0x81a290]
V  [jvm.dll+0x38e611]
V  [jvm.dll+0x7f8f63]
V  [jvm.dll+0x41045f]
V  [jvm.dll+0x411f11]
C  [jli.dll+0x5267]
C  [ucrtbase.dll+0x26c0c]
C  [KERNEL32.dll+0x154e0]
C  [ntdll.dll+0x485b]


---------------  P R O C E S S  ---------------

Threads class SMR info:
_java_thread_list=0x00007ffaf7f7de10, length=0, elements={
}

Java Threads: ( => current thread )

Other Threads:
  0x000002123e31bcd0 WorkerThread "GC Thread#0" [stack: 0x000000bd82500000,0x000000bd82600000] [id=29436]
  0x000002123e325cf0 ConcurrentGCThread "G1 Main Marker" [stack: 0x000000bd82600000,0x000000bd82700000] [id=20264]
  0x000002123e326e80 WorkerThread "G1 Conc#0" [stack: 0x000000bd82700000,0x000000bd82800000] [id=19172]

[error occurred during error reporting (printing all threads), id 0xc0000005, EXCEPTION_ACCESS_VIOLATION (0xc0000005) at pc=0x00007ffaf773d0e7]

VM state: not at safepoint (not fully initialized)

VM Mutex/Monitor currently owned by a thread:  ([mutex/lock_event])
[0x000002123e2a2ca0] Heap_lock - owner thread: 0x000002123e2a6090

Heap address: 0x00000006e0c00000, size: 4596 MB, Compressed Oops mode: Zero based, Oop shift amount: 3

CDS archive(s) mapped at: [0x0000000000000000-0x0000000000000000-0x0000000000000000), size 0, SharedBaseAddress: 0x0000000800000000, ArchiveRelocationMode: 0.
Narrow klass base: 0x0000000000000000, Narrow klass shift: 0, Narrow klass range: 0x0

GC Precious Log:
 CardTable entry size: 512
 Card Set container configuration: InlinePtr #cards 4 size 8 Array Of Cards #cards 32 size 80 Howl #buckets 8 coarsen threshold 7372 Howl Bitmap #cards 1024 size 144 coarsen threshold 921 Card regions per heap region 1 cards per card region 8192

Heap:
 garbage-first heap   total 0K, used 0K [0x00000006e0c00000, 0x0000000800000000)
  region size 4096K, 0 young (0K), 0 survivors (0K)

[error occurred during error reporting (printing heap information), id 0xc0000005, EXCEPTION_ACCESS_VIOLATION (0xc0000005) at pc=0x00007ffaf7b25109]

GC Heap History (0 events):
No events

Deoptimization events (0 events):
No events

Classes loaded (0 events):
No events

Classes unloaded (0 events):
No events

Classes redefined (0 events):
No events

Internal exceptions (0 events):
No events

VM Operations (0 events):
No events

Events (1 events):
Event: 0.032 Loaded shared library C:\Users\syn_a\.p2\pool\plugins\org.eclipse.justj.openjdk.hotspot.jre.full.win32.x86_64_18.0.1.v20220515-1614\jre\bin\java.dll


Dynamic libraries:
0x00007ff7d7560000 - 0x00007ff7d756e000 	C:\Users\syn_a\.p2\pool\plugins\org.eclipse.justj.openjdk.hotspot.jre.full.win32.x86_64_18.0.1.v20220515-1614\jre\bin\javaw.exe
0x00007ffb7b7e0000 - 0x00007ffb7b9e9000 	C:\WINDOWS\SYSTEM32\ntdll.dll
0x00007ffb7a5a0000 - 0x00007ffb7a65d000 	C:\WINDOWS\System32\KERNEL32.dll
0x00007ffb78ac0000 - 0x00007ffb78bdf000 	C:\Windows\system32\hmpalert.dll
0x00007ffb79060000 - 0x00007ffb793dc000 	C:\WINDOWS\System32\KERNELBASE.dll
0x00007ffb78e00000 - 0x00007ffb78f11000 	C:\WINDOWS\System32\ucrtbase.dll
0x00007ffb51fb0000 - 0x00007ffb51fc7000 	C:\Users\syn_a\.p2\pool\plugins\org.eclipse.justj.openjdk.hotspot.jre.full.win32.x86_64_18.0.1.v20220515-1614\jre\bin\jli.dll
0x00007ffb79b30000 - 0x00007ffb79cdd000 	C:\WINDOWS\System32\USER32.dll
0x00007ffb78d60000 - 0x00007ffb78d86000 	C:\WINDOWS\System32\win32u.dll
0x00007ffb7a790000 - 0x00007ffb7a7b9000 	C:\WINDOWS\System32\GDI32.dll
0x00007ffb79550000 - 0x00007ffb79669000 	C:\WINDOWS\System32\gdi32full.dll
0x00007ffb78cc0000 - 0x00007ffb78d5d000 	C:\WINDOWS\System32\msvcp_win.dll
0x00007ffb463d0000 - 0x00007ffb463e9000 	C:\Users\syn_a\.p2\pool\plugins\org.eclipse.justj.openjdk.hotspot.jre.full.win32.x86_64_18.0.1.v20220515-1614\jre\bin\VCRUNTIME140.dll
0x00007ffb65f30000 - 0x00007ffb661d5000 	C:\WINDOWS\WinSxS\amd64_microsoft.windows.common-controls_6595b64144ccf1df_6.0.22000.120_none_9d947278b86cc467\COMCTL32.dll
0x00007ffb7aed0000 - 0x00007ffb7af73000 	C:\WINDOWS\System32\msvcrt.dll
0x00007ffb7a660000 - 0x00007ffb7a691000 	C:\WINDOWS\System32\IMM32.DLL
0x00007ffb5c000000 - 0x00007ffb5c00c000 	C:\Users\syn_a\.p2\pool\plugins\org.eclipse.justj.openjdk.hotspot.jre.full.win32.x86_64_18.0.1.v20220515-1614\jre\bin\vcruntime140_1.dll
0x00007ffaffa80000 - 0x00007ffaffb11000 	C:\Users\syn_a\.p2\pool\plugins\org.eclipse.justj.openjdk.hotspot.jre.full.win32.x86_64_18.0.1.v20220515-1614\jre\bin\msvcp140.dll
0x00007ffaf7430000 - 0x00007ffaf80b9000 	C:\Users\syn_a\.p2\pool\plugins\org.eclipse.justj.openjdk.hotspot.jre.full.win32.x86_64_18.0.1.v20220515-1614\jre\bin\server\jvm.dll
0x00007ffb79a60000 - 0x00007ffb79b0e000 	C:\WINDOWS\System32\ADVAPI32.dll
0x00007ffb7a830000 - 0x00007ffb7a8ce000 	C:\WINDOWS\System32\sechost.dll
0x00007ffb7b4e0000 - 0x00007ffb7b600000 	C:\WINDOWS\System32\RPCRT4.dll
0x00007ffb7add0000 - 0x00007ffb7add8000 	C:\WINDOWS\System32\PSAPI.DLL
0x00007ffb68f80000 - 0x00007ffb68f89000 	C:\WINDOWS\SYSTEM32\WSOCK32.dll
0x00007ffb7ade0000 - 0x00007ffb7ae4f000 	C:\WINDOWS\System32\WS2_32.dll
0x00007ffb72a70000 - 0x00007ffb72aa3000 	C:\WINDOWS\SYSTEM32\WINMM.dll
0x00007ffb724c0000 - 0x00007ffb724ca000 	C:\WINDOWS\SYSTEM32\VERSION.dll
0x00007ffb77c90000 - 0x00007ffb77ca8000 	C:\WINDOWS\SYSTEM32\kernel.appcore.dll
0x00007ffb66430000 - 0x00007ffb6643a000 	C:\Users\syn_a\.p2\pool\plugins\org.eclipse.justj.openjdk.hotspot.jre.full.win32.x86_64_18.0.1.v20220515-1614\jre\bin\jimage.dll
0x00007ffb6c020000 - 0x00007ffb6c241000 	C:\WINDOWS\SYSTEM32\DBGHELP.DLL
0x00007ffb629b0000 - 0x00007ffb629e1000 	C:\WINDOWS\SYSTEM32\dbgcore.DLL
0x00007ffb78f20000 - 0x00007ffb78f9f000 	C:\WINDOWS\System32\bcryptPrimitives.dll
0x00007ffb50260000 - 0x00007ffb50285000 	C:\Users\syn_a\.p2\pool\plugins\org.eclipse.justj.openjdk.hotspot.jre.full.win32.x86_64_18.0.1.v20220515-1614\jre\bin\java.dll

dbghelp: loaded successfully - version: 4.0.5 - missing functions: none
symbol engine: initialized successfully - sym options: 0x614 - pdb path: .;C:\Users\syn_a\.p2\pool\plugins\org.eclipse.justj.openjdk.hotspot.jre.full.win32.x86_64_18.0.1.v20220515-1614\jre\bin;C:\WINDOWS\SYSTEM32;C:\WINDOWS\WinSxS\amd64_microsoft.windows.common-controls_6595b64144ccf1df_6.0.22000.120_none_9d947278b86cc467;C:\Users\syn_a\.p2\pool\plugins\org.eclipse.justj.openjdk.hotspot.jre.full.win32.x86_64_18.0.1.v20220515-1614\jre\bin\server

VM Arguments:
jvm_args: -Dfile.encoding=UTF-8 -XX:+ShowCodeDetailsInExceptionMessages 
java_command: DP.SynoFin
java_class_path (initial): C:\Users\syn_a\eclipse-workspace\DataStructre\bin
Launcher Type: SUN_STANDARD

[Global flags]
     intx CICompilerCount                          = 4                                         {product} {ergonomic}
     uint ConcGCThreads                            = 2                                         {product} {ergonomic}
     uint G1ConcRefinementThreads                  = 8                                         {product} {ergonomic}
   size_t G1HeapRegionSize                         = 4194304                                   {product} {ergonomic}
    uintx GCDrainStackTargetSize                   = 64                                        {product} {ergonomic}
   size_t InitialHeapSize                          = 301989888                                 {product} {ergonomic}
   size_t MarkStackSize                            = 4194304                                   {product} {ergonomic}
   size_t MaxHeapSize                              = 4819255296                                {product} {ergonomic}
   size_t MinHeapDeltaBytes                        = 4194304                                   {product} {ergonomic}
   size_t MinHeapSize                              = 8388608                                   {product} {ergonomic}
    uintx NonNMethodCodeHeapSize                   = 5839372                                {pd product} {ergonomic}
    uintx NonProfiledCodeHeapSize                  = 122909434                              {pd product} {ergonomic}
    uintx ProfiledCodeHeapSize                     = 122909434                              {pd product} {ergonomic}
    uintx ReservedCodeCacheSize                    = 251658240                              {pd product} {ergonomic}
     bool SegmentedCodeCache                       = true                                      {product} {ergonomic}
     bool ShowCodeDetailsInExceptionMessages       = true                                   {manageable} {command line}
   size_t SoftMaxHeapSize                          = 4819255296                             {manageable} {ergonomic}
     bool UseCompressedClassPointers               = true                           {product lp64_product} {ergonomic}
     bool UseCompressedOops                        = true                           {product lp64_product} {ergonomic}
     bool UseG1GC                                  = true                                      {product} {ergonomic}
     bool UseLargePagesIndividualAllocation        = false                                  {pd product} {ergonomic}

Logging:
Log output configuration:
 #0: stdout all=warning uptime,level,tags foldmultilines=false
 #1: stderr all=off uptime,level,tags foldmultilines=false

Environment Variables:
PATH=C:/Users/syn_a/.p2/pool/plugins/org.eclipse.justj.openjdk.hotspot.jre.full.win32.x86_64_18.0.1.v20220515-1614/jre/bin/server;C:/Users/syn_a/.p2/pool/plugins/org.eclipse.justj.openjdk.hotspot.jre.full.win32.x86_64_18.0.1.v20220515-1614/jre/bin;C:\Program Files\Common Files\Oracle\Java\javapath;C:\WINDOWS\system32;C:\WINDOWS;C:\WINDOWS\System32\Wbem;C:\WINDOWS\System32\WindowsPowerShell\v1.0\;C:\WINDOWS\System32\OpenSSH\;C:\Program Files\nodejs\;C:\Program Files\TortoiseGit\bin;C:\Program Files\Git\cmd;C:\Users\syn_a\AppData\Local\Microsoft\WindowsApps;;C:\Users\syn_a\AppData\Local\Programs\Microsoft VS Code\bin;C:\Users\syn_a\AppData\Roaming\npm;C:\Program Files\JetBrains\IntelliJ IDEA Community Edition 2022.2.1\bin;;C:\WINDOWS\system32;
USERNAME=syn_a
OS=Windows_NT
PROCESSOR_IDENTIFIER=AMD64 Family 23 Model 24 Stepping 1, AuthenticAMD



---------------  S Y S T E M  ---------------

OS:
 Windows 11 , 64 bit Build 22000 (10.0.22000.708)
OS uptime: 0 days 19:26 hours

CPU: total 8 (initial active 8) (8 cores per cpu, 2 threads per core) family 23 model 24 stepping 1 microcode 0x0, cx8, cmov, fxsr, ht, mmx, 3dnowpref, sse, sse2, sse3, ssse3, sse4a, sse4.1, sse4.2, popcnt, lzcnt, tsc, tscinvbit, avx, avx2, aes, clmul, bmi1, bmi2, adx, sha, fma, vzeroupper, clflush, clflushopt

Memory: 4k page, system-wide physical 18379M (6065M free)
TotalPageFile size 39843M (AvailPageFile size 174M)
current process WorkingSet (physical memory assigned to process): 11M, peak: 11M
current process commit charge ("private bytes"): 62M, peak: 350M

vm_info: OpenJDK 64-Bit Server VM (18.0.1+10) for windows-amd64 JRE (18.0.1+10), built on Apr 20 2022 05:04:48 by "" with MS VC++ 16.7 (VS2019)

END.
